<?xml version="1.0" encoding="UTF-8"?>
<testsuite name="com.example.project.TestDay3" tests="3" skipped="0" failures="0" errors="0" timestamp="2024-12-18T01:01:59" hostname="codespaces-030ec9" time="0.019">
  <properties/>
  <testcase name="testGenerateSnowflakeDesign()" classname="com.example.project.TestDay3" time="0.001"/>
  <testcase name="testGenerateSnowflakeSmallSize()" classname="com.example.project.TestDay3" time="0.001"/>
  <testcase name="testGenerateSnowflakeOddSize()" classname="com.example.project.TestDay3" time="0.015"/>
  <system-out><![CDATA[]]></system-out>
  <system-err><![CDATA[]]></system-err>
</testsuite>
